<?xml version="1.0" encoding="UTF-8"?>
<!-- Generated by org.testng.reporters.JUnitReportReporter -->
<testsuite skipped="0" hostname="Adeyeye-PC" name="org.martinstest.DemoTest" tests="2" failures="0" timestamp="09 Feb 2021 12:32:56 GMT" time="19.322" errors="0">
  <testcase name="flightTest" time="14.833" classname="org.martinstest.DemoTest"/>
  <testcase name="flightTest" time="4.489" classname="org.martinstest.DemoTest"/>
</testsuite> <!-- org.martinstest.DemoTest -->
